mode: set
usual_store/internal/ai/handlers.go:18.64,23.2 1 1
usual_store/internal/ai/handlers.go:26.77,27.33 1 1
usual_store/internal/ai/handlers.go:27.33,30.3 2 1
usual_store/internal/ai/handlers.go:32.2,33.61 2 1
usual_store/internal/ai/handlers.go:33.61,37.3 3 1
usual_store/internal/ai/handlers.go:40.2,40.23 1 1
usual_store/internal/ai/handlers.go:40.23,43.3 2 1
usual_store/internal/ai/handlers.go:45.2,45.25 1 1
usual_store/internal/ai/handlers.go:45.25,48.3 2 1
usual_store/internal/ai/handlers.go:53.2,54.16 2 0
usual_store/internal/ai/handlers.go:54.16,59.77 3 0
usual_store/internal/ai/handlers.go:59.77,66.19 3 0
usual_store/internal/ai/handlers.go:66.19,68.5 1 0
usual_store/internal/ai/handlers.go:69.4,69.10 1 0
usual_store/internal/ai/handlers.go:72.3,73.9 2 0
usual_store/internal/ai/handlers.go:77.2,78.56 2 0
usual_store/internal/ai/handlers.go:78.56,81.3 2 0
usual_store/internal/ai/handlers.go:85.74,86.33 1 1
usual_store/internal/ai/handlers.go:86.33,89.3 2 1
usual_store/internal/ai/handlers.go:91.2,92.66 2 1
usual_store/internal/ai/handlers.go:92.66,96.3 3 1
usual_store/internal/ai/handlers.go:98.2,98.59 1 0
usual_store/internal/ai/handlers.go:98.59,102.3 3 0
usual_store/internal/ai/handlers.go:104.2,108.17 2 0
usual_store/internal/ai/handlers.go:108.17,110.3 1 0
usual_store/internal/ai/handlers.go:114.71,115.32 1 1
usual_store/internal/ai/handlers.go:115.32,118.3 2 1
usual_store/internal/ai/handlers.go:121.2,123.19 3 0
usual_store/internal/ai/handlers.go:123.19,124.59 1 0
usual_store/internal/ai/handlers.go:124.59,126.4 1 0
usual_store/internal/ai/handlers.go:129.2,130.16 2 0
usual_store/internal/ai/handlers.go:130.16,134.3 3 0
usual_store/internal/ai/handlers.go:136.2,137.57 2 0
usual_store/internal/ai/handlers.go:137.57,139.3 1 0
usual_store/internal/ai/handlers.go:143.54,147.2 3 1
usual_store/internal/ai/handlers.go:150.70,151.54 1 1
usual_store/internal/ai/handlers.go:151.54,156.37 4 1
usual_store/internal/ai/handlers.go:156.37,159.4 2 1
usual_store/internal/ai/handlers.go:161.3,161.13 1 1
usual_store/internal/ai/handlers.go:166.38,168.2 1 1
usual_store/internal/ai/openai_client.go:27.79,28.17 1 1
usual_store/internal/ai/openai_client.go:28.17,30.3 1 1
usual_store/internal/ai/openai_client.go:31.2,31.22 1 1
usual_store/internal/ai/openai_client.go:31.22,33.3 1 1
usual_store/internal/ai/openai_client.go:35.2,43.3 1 1
usual_store/internal/ai/openai_client.go:88.100,102.31 5 1
usual_store/internal/ai/openai_client.go:102.31,107.3 1 1
usual_store/internal/ai/openai_client.go:110.2,118.16 3 1
usual_store/internal/ai/openai_client.go:118.16,120.3 1 0
usual_store/internal/ai/openai_client.go:123.2,124.16 2 1
usual_store/internal/ai/openai_client.go:124.16,126.3 1 0
usual_store/internal/ai/openai_client.go:128.2,132.16 4 1
usual_store/internal/ai/openai_client.go:132.16,134.3 1 1
usual_store/internal/ai/openai_client.go:135.2,138.16 3 1
usual_store/internal/ai/openai_client.go:138.16,140.3 1 0
usual_store/internal/ai/openai_client.go:143.2,143.38 1 1
usual_store/internal/ai/openai_client.go:143.38,145.55 2 1
usual_store/internal/ai/openai_client.go:145.55,147.4 1 1
usual_store/internal/ai/openai_client.go:148.3,148.93 1 0
usual_store/internal/ai/openai_client.go:152.2,153.55 2 1
usual_store/internal/ai/openai_client.go:153.55,155.3 1 1
usual_store/internal/ai/openai_client.go:157.2,157.31 1 1
usual_store/internal/ai/openai_client.go:157.31,159.3 1 1
usual_store/internal/ai/openai_client.go:161.2,172.8 3 1
usual_store/internal/ai/openai_client.go:176.69,183.16 3 1
usual_store/internal/ai/openai_client.go:183.16,185.3 1 0
usual_store/internal/ai/openai_client.go:187.2,188.16 2 1
usual_store/internal/ai/openai_client.go:188.16,190.3 1 0
usual_store/internal/ai/openai_client.go:192.2,196.16 4 1
usual_store/internal/ai/openai_client.go:196.16,198.3 1 1
usual_store/internal/ai/openai_client.go:199.2,202.16 3 1
usual_store/internal/ai/openai_client.go:202.16,204.3 1 0
usual_store/internal/ai/openai_client.go:206.2,206.38 1 1
usual_store/internal/ai/openai_client.go:206.38,208.3 1 1
usual_store/internal/ai/openai_client.go:210.2,216.54 2 1
usual_store/internal/ai/openai_client.go:216.54,218.3 1 0
usual_store/internal/ai/openai_client.go:220.2,220.27 1 1
usual_store/internal/ai/openai_client.go:220.27,222.3 1 1
usual_store/internal/ai/openai_client.go:224.2,224.38 1 1
usual_store/internal/ai/openai_client.go:228.72,249.2 1 1
usual_store/internal/ai/openai_client.go:252.89,260.2 2 1
usual_store/internal/ai/openai_client.go:263.69,274.2 2 1
usual_store/internal/ai/openai_client.go:277.58,283.17 2 1
usual_store/internal/ai/openai_client.go:284.29,285.20 1 1
usual_store/internal/ai/openai_client.go:286.45,287.22 1 1
usual_store/internal/ai/openai_client.go:288.10,289.22 1 1
usual_store/internal/ai/openai_client.go:292.2,292.45 1 1
usual_store/internal/ai/service.go:22.77,28.2 1 1
usual_store/internal/ai/service.go:31.70,33.23 1 0
usual_store/internal/ai/service.go:33.23,35.3 1 0
usual_store/internal/ai/service.go:38.2,39.16 2 0
usual_store/internal/ai/service.go:39.16,41.3 1 0
usual_store/internal/ai/service.go:44.2,45.16 2 0
usual_store/internal/ai/service.go:45.16,48.3 2 0
usual_store/internal/ai/service.go:51.2,58.50 2 0
usual_store/internal/ai/service.go:58.50,60.3 1 0
usual_store/internal/ai/service.go:63.2,67.16 3 0
usual_store/internal/ai/service.go:67.16,70.3 2 0
usual_store/internal/ai/service.go:73.2,74.16 2 0
usual_store/internal/ai/service.go:74.16,76.3 1 0
usual_store/internal/ai/service.go:79.2,79.18 1 0
usual_store/internal/ai/service.go:79.18,81.3 1 0
usual_store/internal/ai/service.go:84.2,85.16 2 0
usual_store/internal/ai/service.go:85.16,87.3 1 0
usual_store/internal/ai/service.go:90.2,100.30 2 0
usual_store/internal/ai/service.go:100.30,104.3 3 0
usual_store/internal/ai/service.go:106.2,106.55 1 0
usual_store/internal/ai/service.go:106.55,108.3 1 0
usual_store/internal/ai/service.go:111.2,111.78 1 0
usual_store/internal/ai/service.go:111.78,113.3 1 0
usual_store/internal/ai/service.go:116.2,116.46 1 0
usual_store/internal/ai/service.go:116.46,118.3 1 0
usual_store/internal/ai/service.go:121.2,123.20 2 0
usual_store/internal/ai/service.go:127.97,129.21 1 1
usual_store/internal/ai/service.go:129.21,131.3 1 1
usual_store/internal/ai/service.go:134.2,146.26 4 1
usual_store/internal/ai/service.go:146.26,160.17 4 1
usual_store/internal/ai/service.go:160.17,162.4 1 0
usual_store/internal/ai/service.go:163.8,163.23 1 1
usual_store/internal/ai/service.go:163.23,165.3 1 1
usual_store/internal/ai/service.go:167.2,167.19 1 1
usual_store/internal/ai/service.go:171.92,180.16 3 1
usual_store/internal/ai/service.go:180.16,182.3 1 1
usual_store/internal/ai/service.go:183.2,186.18 3 1
usual_store/internal/ai/service.go:186.18,191.17 3 1
usual_store/internal/ai/service.go:191.17,193.4 1 0
usual_store/internal/ai/service.go:194.3,194.35 1 1
usual_store/internal/ai/service.go:198.2,198.57 1 1
usual_store/internal/ai/service.go:198.57,200.3 1 1
usual_store/internal/ai/service.go:202.2,202.22 1 1
usual_store/internal/ai/service.go:206.53,213.2 2 1
usual_store/internal/ai/service.go:216.55,224.16 3 1
usual_store/internal/ai/service.go:224.16,226.3 1 1
usual_store/internal/ai/service.go:227.2,232.18 4 1
usual_store/internal/ai/service.go:232.18,238.83 5 1
usual_store/internal/ai/service.go:238.83,239.12 1 0
usual_store/internal/ai/service.go:242.3,243.18 2 1
usual_store/internal/ai/service.go:243.18,245.4 1 1
usual_store/internal/ai/service.go:247.3,247.106 1 1
usual_store/internal/ai/service.go:250.2,250.30 1 1
usual_store/internal/ai/service.go:254.96,271.26 5 1
usual_store/internal/ai/service.go:271.26,273.3 1 1
usual_store/internal/ai/service.go:274.2,274.16 1 1
usual_store/internal/ai/service.go:274.16,276.3 1 1
usual_store/internal/ai/service.go:280.2,280.20 1 1
usual_store/internal/ai/service.go:284.95,288.40 3 1
usual_store/internal/ai/service.go:288.40,290.3 1 1
usual_store/internal/ai/service.go:292.2,292.54 1 1
usual_store/internal/ai/service.go:292.54,294.3 1 1
usual_store/internal/ai/service.go:296.2,296.36 1 1
usual_store/internal/ai/service.go:296.36,298.3 1 1
usual_store/internal/ai/service.go:300.2,300.37 1 1
usual_store/internal/ai/service.go:304.77,316.2 4 1
usual_store/internal/ai/service.go:319.96,327.41 4 1
usual_store/internal/ai/service.go:327.41,329.3 1 1
usual_store/internal/ai/service.go:330.2,330.84 1 1
usual_store/internal/ai/service.go:330.84,332.3 1 1
usual_store/internal/ai/service.go:335.2,335.73 1 1
usual_store/internal/ai/service.go:335.73,338.3 2 1
usual_store/internal/ai/service.go:342.2,342.66 1 1
usual_store/internal/ai/service.go:342.66,344.3 1 1
usual_store/internal/ai/service.go:348.2,348.108 1 1
usual_store/internal/ai/service.go:352.59,361.2 3 1
usual_store/internal/ai/service.go:364.82,370.16 4 1
usual_store/internal/ai/service.go:370.16,372.3 1 1
usual_store/internal/ai/service.go:373.2,378.16 4 1
usual_store/internal/ai/service.go:378.16,380.3 1 0
usual_store/internal/ai/service.go:381.2,386.16 4 1
usual_store/internal/ai/service.go:386.16,388.3 1 0
usual_store/internal/ai/service.go:389.2,394.16 4 1
usual_store/internal/ai/service.go:394.16,396.3 1 0
usual_store/internal/ai/service.go:397.2,399.28 2 1
usual_store/internal/ai/service.go:399.28,401.3 1 1
usual_store/internal/ai/service.go:401.8,403.3 1 1
usual_store/internal/ai/service.go:405.2,405.19 1 1
